<?xml version="1.0" encoding="UTF-8"?>
<!-- Generated by org.testng.reporters.JUnitReportReporter -->
<testsuite skipped="0" hostname="BL4CK" name="Framework.Appium_UD4N.test.ApiDemoTest3" tests="2" failures="0" timestamp="2019-10-27T00:44:37 PST" time="18.226" errors="0">
  <testcase name="jordan1" time="17.522" classname="Framework.Appium_UD4N.test.ApiDemoTest3"/>
  <testcase name="jordan2" time="0.704" classname="Framework.Appium_UD4N.test.ApiDemoTest3"/>
</testsuite> <!-- Framework.Appium_UD4N.test.ApiDemoTest3 -->
