<?xml version="1.0" encoding="UTF-8"?>
<!-- Generated by org.testng.reporters.JUnitReportReporter -->
<testsuite skipped="0" hostname="BL4CK" name="Framework.Appium_UD4N.test.ApiDemoTest1" tests="1" failures="0" timestamp="2019-10-25T18:14:17 PST" time="0.048" errors="0">
  <testcase name="sampleTestOne" time="0.048" classname="Framework.Appium_UD4N.test.ApiDemoTest1"/>
</testsuite> <!-- Framework.Appium_UD4N.test.ApiDemoTest1 -->
