<?xml version="1.0" encoding="UTF-8"?>
<!-- Generated by org.testng.reporters.JUnitReportReporter -->
<testsuite skipped="0" hostname="BL4CK" name="Framework.Appium_UD4N.test.ApiDemoTest2" tests="2" failures="0" timestamp="2019-10-31T00:10:22 PST" time="18.545" errors="0">
  <testcase name="apiDemosAnimation" time="7.883" classname="Framework.Appium_UD4N.test.ApiDemoTest2"/>
  <testcase name="apiDemos1" time="10.662" classname="Framework.Appium_UD4N.test.ApiDemoTest2"/>
</testsuite> <!-- Framework.Appium_UD4N.test.ApiDemoTest2 -->
