<?xml version="1.0" encoding="UTF-8"?>
<!-- Generated by org.testng.reporters.JUnitReportReporter -->
<testsuite skipped="0" hostname="BL4CK" name="Framework.Appium_UD4N.test.ApiDemoTest5" tests="1" failures="0" timestamp="2019-10-29T18:40:01 PST" time="35.802" errors="0">
  <testcase name="scrollDown" time="35.802" classname="Framework.Appium_UD4N.test.ApiDemoTest5"/>
</testsuite> <!-- Framework.Appium_UD4N.test.ApiDemoTest5 -->
